<?xml version="1.0" encoding="UTF-8"?>
<!-- Generated by org.testng.reporters.JUnitXMLReporter -->
<testsuite ignored="2" hostname="DTP-TVR2-IND" failures="0" tests="1" name="test" time="0.028" errors="0" timestamp="24 Apr 2023 06:40:03 GMT">
  <testcase classname="testcases.HomeLoanTest" name="test2" time="0.003"/>
  <testcase classname="testcases.BaseClass" name="@BeforeTest method3" time="0.0">
    <ignored/>
  </testcase> <!-- @BeforeTest method3 -->
  <testcase classname="testcases.BaseClass" name="@AfterTest method4" time="0.0">
    <ignored/>
  </testcase> <!-- @AfterTest method4 -->
</testsuite> <!-- test -->
