<?xml version="1.0" encoding="UTF-8"?>
<testsuite xmlns:xsi="http://www.w3.org/2001/XMLSchema-instance" xsi:noNamespaceSchemaLocation="https://maven.apache.org/surefire/maven-surefire-plugin/xsd/surefire-test-report-3.0.xsd" version="3.0" name="TestSuite" time="0.351" tests="3" errors="0" skipped="0" failures="0">
  <properties>
[...]
</properties>
  <testcase name="test2" classname="testcases.HomeLoanTest" time="0.001">
    <system-out><![CDATA[Inside before test
Inside before method
Inside home loan test 2
]]></system-out>
  </testcase>
  <testcase name="test1" classname="testcases.HomeLoanTest" time="0.002">
    <system-out><![CDATA[Inside after method
Inside before method
Inside home loan test 1
]]></system-out>
  </testcase>
  <testcase name="test3" classname="testcases.CarloanTest" time="0">
    <system-out><![CDATA[Inside after method
Inside before method
Inside Car Loan test3
]]></system-out>
  </testcase>
</testsuite>