<?xml version="1.0" encoding="UTF-8"?>
<testng-results ignored="2" total="3" passed="1" failed="0" skipped="0">
  <reporter-output>
  </reporter-output>
  <suite started-at="2023-04-24T06:40:03Z" name="Suite" finished-at="2023-04-24T06:40:03Z" duration-ms="28">
    <groups>
    </groups>
    <test started-at="2023-04-24T06:40:03Z" name="test" finished-at="2023-04-24T06:40:03Z" duration-ms="28">
      <class name="testcases.HomeLoanTest">
        <test-method is-config="true" signature="method3()[pri:0, instance:testcases.HomeLoanTest@5a5338df]" started-at="2023-04-24T06:40:03Z" name="method3" finished-at="2023-04-24T06:40:03Z" duration-ms="8" status="PASS">
          <reporter-output>
          </reporter-output>
        </test-method> <!-- method3 -->
        <test-method is-config="true" signature="method1()[pri:0, instance:testcases.HomeLoanTest@5a5338df]" started-at="2023-04-24T06:40:03Z" name="method1" finished-at="2023-04-24T06:40:03Z" duration-ms="1" status="PASS">
          <reporter-output>
          </reporter-output>
        </test-method> <!-- method1 -->
        <test-method signature="test2()[pri:0, instance:testcases.HomeLoanTest@5a5338df]" started-at="2023-04-24T06:40:03Z" name="test2" finished-at="2023-04-24T06:40:03Z" duration-ms="3" status="PASS">
          <reporter-output>
          </reporter-output>
        </test-method> <!-- test2 -->
        <test-method is-config="true" signature="method2()[pri:0, instance:testcases.HomeLoanTest@5a5338df]" started-at="2023-04-24T06:40:03Z" name="method2" finished-at="2023-04-24T06:40:03Z" duration-ms="0" status="PASS">
          <reporter-output>
          </reporter-output>
        </test-method> <!-- method2 -->
        <test-method is-config="true" signature="method4()[pri:0, instance:testcases.HomeLoanTest@5a5338df]" started-at="2023-04-24T06:40:03Z" name="method4" finished-at="2023-04-24T06:40:03Z" duration-ms="1" status="PASS">
          <reporter-output>
          </reporter-output>
        </test-method> <!-- method4 -->
      </class> <!-- testcases.HomeLoanTest -->
    </test> <!-- test -->
  </suite> <!-- Suite -->
</testng-results>
